1637059137.9536242
<data_providers.speech_commands.SpeechCommandsFolder object at 0x00000208B5059C70>
dict_keys(['path', 'gpu', 'resume', 'debug', 'manual_seed', 'n_epochs', 'init_lr', 'lr_schedule_type', 'dataset', 'train_batch_size', 'test_batch_size', 'valid_size', 'opt_type', 'momentum', 'no_nesterov', 'weight_decay', 'label_smoothing', 'no_decay_keys', 'model_init', 'init_div_groups', 'validation_frequency', 'print_frequency', 'n_worker', 'resize_scale', 'distort_color', 'n_mfcc', 'width_stages', 'n_cell_stages', 'stride_stages', 'width_mult', 'bn_momentum', 'bn_eps', 'dropout', 'weight_bits', 'arch_algo', 'warmup_epochs', 'arch_adam_beta1', 'arch_adam_beta2', 'arch_adam_eps', 'flops_ref_value', 'mem_ref_value', 'grad_reg_loss_lambda', 'grad_reg_loss_alpha', 'grad_reg_loss_beta', 'rl_batch_size', 'rl_update_per_epoch', 'rl_update_steps_per_epoch', 'rl_baseline_decay_weight', 'rl_tradeoff_ratio', 'lr_schedule_param', 'opt_param', 'conv_candidates'])
Run config:
	n_epochs: 2
	init_lr: 0.2
	lr_schedule_type: cosine
	lr_schedule_param: None
	dataset: speech_commands
	train_batch_size: 100
	test_batch_size: 100
	valid_size: None
	opt_type: sgd
	opt_param: {'momentum': 0.9, 'nesterov': True}
	weight_decay: 4e-05
	label_smoothing: 0.1
	no_decay_keys: None
	model_init: he_fout
	init_div_groups: False
	validation_frequency: 1
	print_frequency: 10
	n_worker: 4
	resize_scale: 0.08
	distort_color: normal
	n_mfcc: 10
Architecture Search config:
	type: <class 'nas_manager.GradientArchSearchConfig'>
	arch_init_type: normal
	arch_init_ratio: 0.001
	opt_type: adam
	lr: 0.004
	opt_param: {'betas': (0, 0.999), 'eps': 1e-08}
	weight_decay: 0
	target_hardware: flops
	ref_value: 20000000.0
	update_arch_param_every: 5
	update_steps: 1
	binary_mode: full_v2
	data_batch: None
	reg_loss_type: mul#log
	reg_loss_params: {'alpha': 1.0, 'beta': 0.3}
Total training params: 18591.730k
Total FLOPs: 6214.608k
#arch_params: 12	#binary_gates: 12	#weight_params: 2459

 ------------------------------ Train epoch: 1 ------------------------------ 

Train [1][0/222]	Time 5.356 (5.356)	Data Time 4.859 (4.859)	Loss 2.4894 (2.4894)	Entropy 2.93993 (2.93993)	Top-1 acc 12.000 (12.000)	Top-5 acc 44.000 (44.000)	lr 0.20000	arch lr 0.00000
Train [1][10/222]	Time 0.157 (0.589)	Data Time 0.000 (0.442)	Loss 2.5654 (2.5238)	Entropy 2.93993 (2.93993)	Top-1 acc 7.000 (8.727)	Top-5 acc 40.000 (44.455)	lr 0.19975	arch lr 0.00000
Train [1][20/222]	Time 0.081 (0.353)	Data Time 0.000 (0.232)	Loss 2.5229 (2.5164)	Entropy 2.93993 (2.93993)	Top-1 acc 12.000 (8.762)	Top-5 acc 47.000 (44.762)	lr 0.19901	arch lr 0.00001
Train [1][30/222]	Time 0.100 (0.268)	Data Time 0.000 (0.159)	Loss 2.6109 (2.5097)	Entropy 2.93993 (2.93993)	Top-1 acc 10.000 (9.419)	Top-5 acc 37.000 (44.613)	lr 0.19778	arch lr 0.00002
Train [1][40/222]	Time 0.089 (0.226)	Data Time 0.001 (0.122)	Loss 2.5073 (2.5101)	Entropy 2.93993 (2.93993)	Top-1 acc 6.000 (9.488)	Top-5 acc 44.000 (44.220)	lr 0.19606	arch lr 0.00004
Train [1][50/222]	Time 0.081 (0.199)	Data Time 0.000 (0.099)	Loss 2.5969 (2.5107)	Entropy 2.93993 (2.93993)	Top-1 acc 3.000 (9.922)	Top-5 acc 40.000 (44.510)	lr 0.19386	arch lr 0.00006
Train [1][60/222]	Time 0.099 (0.182)	Data Time 0.000 (0.084)	Loss 2.4413 (2.5090)	Entropy 2.93993 (2.93993)	Top-1 acc 15.000 (9.967)	Top-5 acc 44.000 (44.230)	lr 0.19120	arch lr 0.00009
Train [1][70/222]	Time 0.104 (0.170)	Data Time 0.000 (0.073)	Loss 2.5202 (2.5093)	Entropy 2.93993 (2.93993)	Top-1 acc 11.000 (9.930)	Top-5 acc 41.000 (44.113)	lr 0.18809	arch lr 0.00012
Train [1][80/222]	Time 0.096 (0.160)	Data Time 0.000 (0.064)	Loss 2.3933 (2.5028)	Entropy 2.93993 (2.93993)	Top-1 acc 13.000 (10.148)	Top-5 acc 50.000 (44.407)	lr 0.18454	arch lr 0.00016
Train [1][90/222]	Time 0.080 (0.152)	Data Time 0.000 (0.058)	Loss 2.4630 (2.5009)	Entropy 2.93993 (2.93993)	Top-1 acc 13.000 (10.231)	Top-5 acc 46.000 (44.769)	lr 0.18057	arch lr 0.00020
Train [1][100/222]	Time 0.077 (0.146)	Data Time 0.000 (0.053)	Loss 2.4636 (2.4965)	Entropy 2.93993 (2.93993)	Top-1 acc 12.000 (10.416)	Top-5 acc 48.000 (45.129)	lr 0.17620	arch lr 0.00025
Train [1][110/222]	Time 0.086 (0.141)	Data Time 0.000 (0.049)	Loss 2.5106 (2.4966)	Entropy 2.93993 (2.93993)	Top-1 acc 11.000 (10.270)	Top-5 acc 42.000 (44.946)	lr 0.17145	arch lr 0.00030
Train [1][120/222]	Time 0.087 (0.137)	Data Time 0.001 (0.045)	Loss 2.4524 (2.4952)	Entropy 2.93993 (2.93993)	Top-1 acc 6.000 (10.372)	Top-5 acc 46.000 (44.868)	lr 0.16635	arch lr 0.00035
Train [1][130/222]	Time 0.106 (0.133)	Data Time 0.000 (0.042)	Loss 2.4352 (2.4948)	Entropy 2.93993 (2.93993)	Top-1 acc 12.000 (10.382)	Top-5 acc 40.000 (44.924)	lr 0.16092	arch lr 0.00041
Train [1][140/222]	Time 0.078 (0.131)	Data Time 0.000 (0.040)	Loss 2.4779 (2.4922)	Entropy 2.93993 (2.93993)	Top-1 acc 7.000 (10.411)	Top-5 acc 44.000 (45.043)	lr 0.15519	arch lr 0.00048
Train [1][150/222]	Time 0.074 (0.128)	Data Time 0.000 (0.037)	Loss 2.4313 (2.4894)	Entropy 2.93993 (2.93993)	Top-1 acc 12.000 (10.550)	Top-5 acc 51.000 (45.099)	lr 0.14918	arch lr 0.00055
Train [1][160/222]	Time 0.080 (0.126)	Data Time 0.000 (0.035)	Loss 2.3960 (2.4857)	Entropy 2.93993 (2.93993)	Top-1 acc 13.000 (10.689)	Top-5 acc 51.000 (45.472)	lr 0.14293	arch lr 0.00062
Train [1][170/222]	Time 0.085 (0.124)	Data Time 0.000 (0.034)	Loss 2.4002 (2.4838)	Entropy 2.93993 (2.93993)	Top-1 acc 10.000 (10.655)	Top-5 acc 58.000 (45.696)	lr 0.13647	arch lr 0.00070
Train [1][180/222]	Time 0.098 (0.122)	Data Time 0.000 (0.032)	Loss 2.4439 (2.4813)	Entropy 2.93993 (2.93993)	Top-1 acc 13.000 (10.818)	Top-5 acc 50.000 (45.762)	lr 0.12983	arch lr 0.00078
Train [1][190/222]	Time 0.095 (0.120)	Data Time 0.000 (0.031)	Loss 2.4066 (2.4785)	Entropy 2.93993 (2.93993)	Top-1 acc 9.000 (10.942)	Top-5 acc 42.000 (45.775)	lr 0.12304	arch lr 0.00086
Train [1][200/222]	Time 0.096 (0.119)	Data Time 0.000 (0.029)	Loss 2.5404 (2.4762)	Entropy 2.93993 (2.93993)	Top-1 acc 8.000 (10.975)	Top-5 acc 37.000 (45.751)	lr 0.11613	arch lr 0.00095
Train [1][210/222]	Time 0.106 (0.118)	Data Time 0.000 (0.028)	Loss 2.4258 (2.4753)	Entropy 2.93993 (2.93993)	Top-1 acc 13.000 (10.986)	Top-5 acc 49.000 (45.777)	lr 0.10914	arch lr 0.00105
Train [1][220/222]	Time 0.094 (0.117)	Data Time 0.000 (0.027)	Loss 2.4787 (2.4751)	Entropy 2.93993 (2.93993)	Top-1 acc 17.000 (11.041)	Top-5 acc 42.000 (45.805)	lr 0.10211	arch lr 0.00114
Train [1][222/222]	Time 0.180 (0.117)	Data Time 0.000 (0.027)	Loss 2.5671 (2.4752)	Entropy 2.93993 (2.93993)	Top-1 acc 9.091 (11.059)	Top-5 acc 34.091 (45.783)	lr 0.10070	arch lr 0.00116
------------------------------Current Architecture [1]------------------------------
0. (Conv: Mix(5x5_MBConv6 [Ch_in=72, Ch_out=72, stride=2, num_bits=8], 0.056), Shortcut: None)
1. (Conv: Mix(7x7_MBConv6 [Ch_in=72, Ch_out=72, stride=1, num_bits=8], 0.053), Shortcut: Identity)
2. (Conv: Mix(3x3_MBConv1 [Ch_in=72, Ch_out=72, stride=1, num_bits=8], 0.053), Shortcut: Identity)
3. (Conv: Mix(7x7_MBConv6 [Ch_in=72, Ch_out=72, stride=1, num_bits=8], 0.053), Shortcut: Identity)
4. (Conv: Mix(7x7_MBConv6 [Ch_in=72, Ch_out=72, stride=1, num_bits=8], 0.053), Shortcut: Identity)
5. (Conv: Mix(3x3_MBConv4 [Ch_in=72, Ch_out=72, stride=1, num_bits=8], 0.053), Shortcut: Identity)
6. (Conv: Mix(7x7_MBConv1 [Ch_in=72, Ch_out=72, stride=1, num_bits=8], 0.053), Shortcut: Identity)
7. (Conv: Mix(7x7_MBConv5 [Ch_in=72, Ch_out=72, stride=1, num_bits=8], 0.053), Shortcut: Identity)
8. (Conv: Mix(5x5_MBConv4 [Ch_in=72, Ch_out=72, stride=1, num_bits=8], 0.053), Shortcut: Identity)
9. (Conv: Mix(5x5_MBConv1 [Ch_in=72, Ch_out=72, stride=1, num_bits=8], 0.053), Shortcut: Identity)
10. (Conv: Mix(5x5_MBConv4 [Ch_in=72, Ch_out=72, stride=1, num_bits=8], 0.053), Shortcut: Identity)
11. (Conv: Mix(5x5_MBConv2 [Ch_in=72, Ch_out=72, stride=1, num_bits=8], 0.053), Shortcut: Identity)
------------------------------------------------------------
Valid: [0/30]	Time 4.832 (4.832)	Loss 2.2811 (2.2811)	Top-1 acc 14.000 (14.000)	Top-5 acc 52.000 (52.000)
Valid: [10/30]	Time 0.030 (0.476)	Loss 2.3123 (2.2926)	Top-1 acc 12.000 (15.091)	Top-5 acc 52.000 (50.364)
Valid: [20/30]	Time 0.067 (0.270)	Loss 2.2997 (2.2959)	Top-1 acc 12.000 (15.524)	Top-5 acc 53.000 (48.857)
Valid: [30/30]	Time 0.117 (0.199)	Loss 2.2509 (2.2966)	Top-1 acc 19.780 (15.302)	Top-5 acc 52.747 (48.140)
Confusion matrix:
[[  0.   0.   1. 135. 109.   0.   0.   0.  12.   0.   0.   4.]
 [  0.   5.   4.  25. 195.   0.   0.   0.  40.   0.   0.   1.]
 [  0.   0.   5.  68. 133.   0.   0.   0.  47.   0.   1.   6.]
 [  0.   3.   1.  48. 169.   0.   0.   0.  42.   0.   0.   1.]
 [  0.   1.   3.  79. 137.   0.   0.   0.  26.   0.   0.   1.]
 [  0.   0.   1.  46. 173.   0.   0.   0.  34.   0.   0.   2.]
 [  0.   0.   3.  63. 134.   0.   0.   0.  53.   2.   0.   2.]
 [  0.   0.   1. 142.  92.   0.   0.   0.  18.   2.   0.   1.]
 [  0.   0.   1. 141.  84.   0.   0.   0.  17.   0.   0.   3.]
 [  0.   5.   1.  59. 161.   0.   0.   0.  31.   0.   1.   2.]
 [  0.   0.   0.   0.   0.   0.   0.   0.   0.   0. 257.   0.]
 [  0.   4.   4.  74. 141.   0.   0.   0.  30.   0.   0.   4.]]
Class accuracies:
	yes: 0.00 %
	no: 1.85 %
	up: 1.92 %
	down: 18.18 %
	left: 55.47 %
	right: 0.00 %
	on: 0.00 %
	off: 0.00 %
	stop: 6.91 %
	go: 0.00 %
	silence: 100.00 %
	unknown: 1.56 %
Valid [1/2]	loss 2.297	top-1 acc 15.302 (15.302)	top-5 acc 48.140	Train top-1 11.059	top-5 45.783	Entropy 2.93993	Latency-flops: 0.000ms	Flops: 45423.648k

 ------------------------------ Train epoch: 2 ------------------------------ 

Train [2][0/222]	Time 4.993 (4.993)	Data Time 4.916 (4.916)	Loss 2.4617 (2.4617)	Entropy 2.93993 (2.93993)	Top-1 acc 9.000 (9.000)	Top-5 acc 36.000 (36.000)	lr 0.10000	arch lr 0.00117
Train [2][10/222]	Time 0.040 (1.152)	Data Time 0.001 (0.455)	Loss 2.4538 (2.4801)	Entropy 2.93993 (2.93993)	Top-1 acc 5.000 (9.364)	Top-5 acc 43.000 (43.182)	lr 0.09296	arch lr 0.00127
Train [2][20/222]	Time 0.040 (0.732)	Data Time 0.000 (0.241)	Loss 2.4370 (2.4600)	Entropy 2.93993 (2.93993)	Top-1 acc 12.000 (10.476)	Top-5 acc 37.000 (44.571)	lr 0.08596	arch lr 0.00138
Train [2][30/222]	Time 0.038 (0.583)	Data Time 0.000 (0.165)	Loss 2.3445 (2.4534)	Entropy 2.93993 (2.93993)	Top-1 acc 16.000 (10.903)	Top-5 acc 41.000 (43.774)	lr 0.07903	arch lr 0.00149
Train [2][40/222]	Time 0.039 (0.511)	Data Time 0.000 (0.126)	Loss 2.4150 (2.4500)	Entropy 2.93992 (2.93993)	Top-1 acc 11.000 (11.366)	Top-5 acc 46.000 (44.024)	lr 0.07220	arch lr 0.00160
Train [2][50/222]	Time 0.039 (0.465)	Data Time 0.000 (0.103)	Loss 2.4625 (2.4435)	Entropy 2.93992 (2.93993)	Top-1 acc 11.000 (11.529)	Top-5 acc 44.000 (45.392)	lr 0.06550	arch lr 0.00171
Train [2][60/222]	Time 0.037 (0.431)	Data Time 0.001 (0.087)	Loss 2.3904 (2.4406)	Entropy 2.93990 (2.93992)	Top-1 acc 18.000 (11.672)	Top-5 acc 44.000 (45.623)	lr 0.05898	arch lr 0.00183
Train [2][70/222]	Time 0.040 (0.407)	Data Time 0.000 (0.075)	Loss 2.4034 (2.4378)	Entropy 2.93990 (2.93992)	Top-1 acc 14.000 (11.634)	Top-5 acc 48.000 (45.493)	lr 0.05267	arch lr 0.00195
Train [2][80/222]	Time 0.039 (0.389)	Data Time 0.000 (0.067)	Loss 2.4522 (2.4381)	Entropy 2.93989 (2.93992)	Top-1 acc 11.000 (11.556)	Top-5 acc 42.000 (45.716)	lr 0.04658	arch lr 0.00207
Train [2][90/222]	Time 0.048 (0.376)	Data Time 0.000 (0.060)	Loss 2.4384 (2.4398)	Entropy 2.93988 (2.93991)	Top-1 acc 18.000 (11.615)	Top-5 acc 47.000 (46.253)	lr 0.04077	arch lr 0.00219
Train [2][100/222]	Time 0.040 (0.367)	Data Time 0.000 (0.054)	Loss 2.4154 (2.4398)	Entropy 2.93987 (2.93991)	Top-1 acc 17.000 (11.861)	Top-5 acc 53.000 (46.267)	lr 0.03524	arch lr 0.00232
Train [2][110/222]	Time 0.036 (0.359)	Data Time 0.000 (0.050)	Loss 2.4400 (2.4387)	Entropy 2.93984 (2.93991)	Top-1 acc 15.000 (11.910)	Top-5 acc 49.000 (46.360)	lr 0.03004	arch lr 0.00245
Train [2][120/222]	Time 0.039 (0.352)	Data Time 0.000 (0.046)	Loss 2.3528 (2.4362)	Entropy 2.93982 (2.93990)	Top-1 acc 12.000 (12.099)	Top-5 acc 56.000 (46.818)	lr 0.02518	arch lr 0.00258
Train [2][130/222]	Time 0.051 (0.347)	Data Time 0.000 (0.043)	Loss 2.3842 (2.4337)	Entropy 2.93980 (2.93989)	Top-1 acc 14.000 (12.382)	Top-5 acc 47.000 (46.977)	lr 0.02070	arch lr 0.00271
Train [2][140/222]	Time 0.039 (0.342)	Data Time 0.000 (0.040)	Loss 2.4302 (2.4323)	Entropy 2.93979 (2.93989)	Top-1 acc 15.000 (12.454)	Top-5 acc 51.000 (47.007)	lr 0.01661	arch lr 0.00285
Train [2][150/222]	Time 0.041 (0.336)	Data Time 0.000 (0.038)	Loss 2.3595 (2.4314)	Entropy 2.93973 (2.93988)	Top-1 acc 11.000 (12.437)	Top-5 acc 50.000 (47.099)	lr 0.01293	arch lr 0.00298
Train [2][160/222]	Time 0.039 (0.362)	Data Time 0.000 (0.036)	Loss 2.4390 (2.4316)	Entropy 2.93972 (2.93987)	Top-1 acc 12.000 (12.466)	Top-5 acc 35.000 (47.130)	lr 0.00969	arch lr 0.00312
Train [2][170/222]	Time 0.038 (0.357)	Data Time 0.000 (0.034)	Loss 2.4195 (2.4299)	Entropy 2.93964 (2.93986)	Top-1 acc 11.000 (12.503)	Top-5 acc 40.000 (47.117)	lr 0.00689	arch lr 0.00326
Train [2][180/222]	Time 0.038 (0.352)	Data Time 0.000 (0.033)	Loss 2.4389 (2.4299)	Entropy 2.93949 (2.93984)	Top-1 acc 10.000 (12.475)	Top-5 acc 53.000 (47.254)	lr 0.00455	arch lr 0.00340
Train [2][190/222]	Time 0.036 (0.348)	Data Time 0.000 (0.031)	Loss 2.3807 (2.4291)	Entropy 2.93943 (2.93983)	Top-1 acc 20.000 (12.513)	Top-5 acc 45.000 (47.346)	lr 0.00269	arch lr 0.00354
Train [2][200/222]	Time 0.037 (0.343)	Data Time 0.000 (0.030)	Loss 2.3997 (2.4290)	Entropy 2.93935 (2.93980)	Top-1 acc 10.000 (12.483)	Top-5 acc 44.000 (47.279)	lr 0.00131	arch lr 0.00368
Train [2][210/222]	Time 0.040 (0.340)	Data Time 0.000 (0.029)	Loss 2.3826 (2.4281)	Entropy 2.93925 (2.93978)	Top-1 acc 19.000 (12.564)	Top-5 acc 42.000 (47.332)	lr 0.00042	arch lr 0.00382
Train [2][220/222]	Time 0.039 (0.337)	Data Time 0.000 (0.028)	Loss 2.4411 (2.4278)	Entropy 2.93920 (2.93976)	Top-1 acc 10.000 (12.661)	Top-5 acc 54.000 (47.434)	lr 0.00002	arch lr 0.00396
Train [2][222/222]	Time 0.170 (0.335)	Data Time 0.000 (0.028)	Loss 2.4832 (2.4280)	Entropy 2.93920 (2.93975)	Top-1 acc 6.818 (12.655)	Top-5 acc 31.818 (47.397)	lr 0.00000	arch lr 0.00399
------------------------------Current Architecture [2]------------------------------
0. (Conv: Mix(3x3_MBConv1 [Ch_in=72, Ch_out=72, stride=2, num_bits=8], 0.058), Shortcut: None)
1. (Conv: Mix(7x7_MBConv2 [Ch_in=72, Ch_out=72, stride=1, num_bits=8], 0.055), Shortcut: Identity)
2. (Conv: Mix(3x3_MBConv3 [Ch_in=72, Ch_out=72, stride=1, num_bits=8], 0.055), Shortcut: Identity)
3. (Conv: Mix(7x7_MBConv5 [Ch_in=72, Ch_out=72, stride=1, num_bits=8], 0.056), Shortcut: Identity)
4. (Conv: Mix(5x5_MBConv1 [Ch_in=72, Ch_out=72, stride=1, num_bits=8], 0.055), Shortcut: Identity)
5. (Conv: Mix(5x5_MBConv2 [Ch_in=72, Ch_out=72, stride=1, num_bits=8], 0.056), Shortcut: Identity)
6. (Conv: Mix(5x5_MBConv2 [Ch_in=72, Ch_out=72, stride=1, num_bits=8], 0.055), Shortcut: Identity)
7. (Conv: Mix(5x5_MBConv5 [Ch_in=72, Ch_out=72, stride=1, num_bits=8], 0.056), Shortcut: Identity)
8. (Conv: Mix(5x5_MBConv2 [Ch_in=72, Ch_out=72, stride=1, num_bits=8], 0.057), Shortcut: Identity)
9. (Conv: Mix(5x5_MBConv5 [Ch_in=72, Ch_out=72, stride=1, num_bits=8], 0.058), Shortcut: Identity)
10. (Conv: Mix(7x7_MBConv4 [Ch_in=72, Ch_out=72, stride=1, num_bits=8], 0.056), Shortcut: Identity)
11. (Conv: Mix(5x5_MBConv4 [Ch_in=72, Ch_out=72, stride=1, num_bits=8], 0.058), Shortcut: Identity)
------------------------------------------------------------
Valid: [0/30]	Time 5.215 (5.215)	Loss 2.1844 (2.1844)	Top-1 acc 15.000 (15.000)	Top-5 acc 44.000 (44.000)
Valid: [10/30]	Time 0.027 (0.506)	Loss 2.2060 (2.2475)	Top-1 acc 21.000 (16.364)	Top-5 acc 53.000 (50.000)
Valid: [20/30]	Time 0.070 (0.286)	Loss 2.1619 (2.2549)	Top-1 acc 20.000 (16.476)	Top-5 acc 51.000 (50.381)
Valid: [30/30]	Time 0.030 (0.207)	Loss 2.2353 (2.2520)	Top-1 acc 20.879 (16.305)	Top-5 acc 51.648 (50.954)
Confusion matrix:
[[  0.  29.   9.   9.   1. 109.  14.   0.   6.  17.  24.  43.]
 [  4.   9.  12.   7.   1.  76.  19.   1.   1.  96.  22.  22.]
 [  6.   5.   2.   4.   2. 162.  13.   1.   1.  24.  12.  28.]
 [  1.   4.   6.   7.   1.  90.  23.   0.   0.  91.  11.  30.]
 [  3.   7.   1.   8.   0. 149.  16.   0.   0.  24.   5.  34.]
 [  2.  13.   6.   7.   0. 120.  32.   0.   0.  49.   6.  21.]
 [  3.   6.   2.   7.   1.  76.  12.   0.   0. 113.  13.  24.]
 [  3.   3.   2.   4.   1. 129.  15.   0.   0.  25.   9.  65.]
 [  0.  11.   2.  10.   2. 110.  10.   0.   1.  39.  12.  49.]
 [  1.   2.   9.   9.   7. 100.  23.   0.   4.  65.  20.  20.]
 [  0.   0.   0.   0.   0.   0.   0.   0.   0.   0. 257.   0.]
 [  2.   4.   6.  10.   3.  95.  19.   1.   3.  63.  20.  31.]]
Class accuracies:
	yes: 0.00 %
	no: 3.33 %
	up: 0.77 %
	down: 2.65 %
	left: 0.00 %
	right: 46.88 %
	on: 4.67 %
	off: 0.00 %
	stop: 0.41 %
	go: 25.00 %
	silence: 100.00 %
	unknown: 12.06 %
Valid [2/2]	loss 2.252	top-1 acc 16.305 (16.305)	top-5 acc 50.954	Train top-1 12.655	top-5 47.397	Entropy 2.93920	Latency-flops: 0.000ms	Flops: 30400.848k
Total training params: 928.524k
